[debug] [2025-11-26T02:12:28.905Z] ----------------------------------------------------------------------
[debug] [2025-11-26T02:12:28.907Z] Command:       C:\nvm4w\nodejs\node.exe C:\nvm4w\nodejs\node_modules\firebase-tools\lib\bin\firebase.js deploy --only hosting
[debug] [2025-11-26T02:12:28.907Z] CLI Version:   14.24.1
[debug] [2025-11-26T02:12:28.907Z] Platform:      win32
[debug] [2025-11-26T02:12:28.907Z] Node Version:  v24.2.0
[debug] [2025-11-26T02:12:28.908Z] Time:          Wed Nov 26 2025 11:12:28 GMT+0900 (대한민국 표준시)
[debug] [2025-11-26T02:12:28.908Z] ----------------------------------------------------------------------
[debug] 
[debug] [2025-11-26T02:12:29.028Z] > command requires scopes: ["email","openid","https://www.googleapis.com/auth/cloudplatformprojects.readonly","https://www.googleapis.com/auth/firebase","https://www.googleapis.com/auth/cloud-platform"]
[debug] [2025-11-26T02:12:29.029Z] > authorizing via signed-in user (physics@rulemakers.co.kr)
[debug] [2025-11-26T02:12:29.029Z] [iam] checking project rmcontents1 for permissions ["firebase.projects.get","firebasehosting.sites.update"]
[debug] [2025-11-26T02:12:29.029Z] Checked if tokens are valid: true, expires at: 1764126713802
[debug] [2025-11-26T02:12:29.029Z] Checked if tokens are valid: true, expires at: 1764126713802
[debug] [2025-11-26T02:12:29.030Z] >>> [apiv2][query] POST https://cloudresourcemanager.googleapis.com/v1/projects/rmcontents1:testIamPermissions [none]
[debug] [2025-11-26T02:12:29.030Z] >>> [apiv2][(partial)header] POST https://cloudresourcemanager.googleapis.com/v1/projects/rmcontents1:testIamPermissions x-goog-quota-user=projects/rmcontents1
[debug] [2025-11-26T02:12:29.030Z] >>> [apiv2][body] POST https://cloudresourcemanager.googleapis.com/v1/projects/rmcontents1:testIamPermissions {"permissions":["firebase.projects.get","firebasehosting.sites.update"]}
[debug] [2025-11-26T02:12:29.330Z] <<< [apiv2][status] POST https://cloudresourcemanager.googleapis.com/v1/projects/rmcontents1:testIamPermissions 200
[debug] [2025-11-26T02:12:29.330Z] <<< [apiv2][body] POST https://cloudresourcemanager.googleapis.com/v1/projects/rmcontents1:testIamPermissions {"permissions":["firebase.projects.get","firebasehosting.sites.update"]}
[debug] [2025-11-26T02:12:29.330Z] Checked if tokens are valid: true, expires at: 1764126713802
[debug] [2025-11-26T02:12:29.330Z] Checked if tokens are valid: true, expires at: 1764126713802
[debug] [2025-11-26T02:12:29.330Z] >>> [apiv2][query] GET https://firebase.googleapis.com/v1beta1/projects/rmcontents1 [none]
[debug] [2025-11-26T02:12:29.776Z] <<< [apiv2][status] GET https://firebase.googleapis.com/v1beta1/projects/rmcontents1 200
[debug] [2025-11-26T02:12:29.776Z] <<< [apiv2][body] GET https://firebase.googleapis.com/v1beta1/projects/rmcontents1 {"projectId":"rmcontents1","projectNumber":"875684305621","displayName":"rmcontents1","name":"projects/rmcontents1","resources":{"hostingSite":"rmcontents1"},"state":"ACTIVE","etag":"1_28616190-cef3-40c2-bcea-7600ef323b6b"}
[debug] [2025-11-26T02:12:31.928Z] Checked if tokens are valid: true, expires at: 1764126713802
[debug] [2025-11-26T02:12:31.928Z] Checked if tokens are valid: true, expires at: 1764126713802
[debug] [2025-11-26T02:12:31.928Z] >>> [apiv2][query] GET https://firebasehosting.googleapis.com/v1beta1/projects/rmcontents1/sites pageToken=&pageSize=10
[debug] [2025-11-26T02:12:32.741Z] <<< [apiv2][status] GET https://firebasehosting.googleapis.com/v1beta1/projects/rmcontents1/sites 200
[debug] [2025-11-26T02:12:32.741Z] <<< [apiv2][body] GET https://firebasehosting.googleapis.com/v1beta1/projects/rmcontents1/sites {"sites":[{"name":"projects/rmcontents1/sites/rmcontents1","defaultUrl":"https://rmcontents1.web.app","appId":"1:875684305621:web:40f81cf2c6fb272631205c","type":"DEFAULT_SITE"}]}
[debug] [2025-11-26T02:12:32.741Z] Checked if tokens are valid: true, expires at: 1764126713802
[debug] [2025-11-26T02:12:32.741Z] Checked if tokens are valid: true, expires at: 1764126713802
[debug] [2025-11-26T02:12:32.741Z] >>> [apiv2][query] GET https://firebase.googleapis.com/v1beta1/projects/-/webApps/1:875684305621:web:40f81cf2c6fb272631205c/config [none]
[debug] [2025-11-26T02:12:33.601Z] <<< [apiv2][status] GET https://firebase.googleapis.com/v1beta1/projects/-/webApps/1:875684305621:web:40f81cf2c6fb272631205c/config 200
[debug] [2025-11-26T02:12:33.601Z] <<< [apiv2][body] GET https://firebase.googleapis.com/v1beta1/projects/-/webApps/1:875684305621:web:40f81cf2c6fb272631205c/config {"projectId":"rmcontents1","appId":"1:875684305621:web:40f81cf2c6fb272631205c","storageBucket":"rmcontents1.firebasestorage.app","apiKey":"AIzaSyCZfqsGO_oa8A8VgK7U8I2vngq4yGQ7Gzo","authDomain":"rmcontents1.firebaseapp.com","messagingSenderId":"875684305621","measurementId":"G-BFBK053NEN","projectNumber":"875684305621","version":"2"}
[info] 
   Thank you for trying our early preview of Next.js support on Firebase Hosting.
   During the preview, support is best-effort and breaking changes can be expected. Proceed with caution.
   The integration is known to work with Next.js version 12 - 15.0. You may encounter errors.

   Documentation: https://firebase.google.com/docs/hosting/frameworks/nextjs
   File a bug: https://github.com/firebase/firebase-tools/issues/new?template=bug_report.md
   Submit a feature request: https://github.com/firebase/firebase-tools/issues/new?template=feature_request.md

   We'd love to learn from you. Express your interest in helping us shape the future of Firebase Hosting: https://goo.gle/41enW5X

[debug] [2025-11-26T02:12:37.104Z] Checked if tokens are valid: true, expires at: 1764126713802
[debug] [2025-11-26T02:12:37.104Z] Checked if tokens are valid: true, expires at: 1764126713802
[debug] [2025-11-26T02:12:37.104Z] >>> [apiv2][query] GET https://firebasehosting.googleapis.com/v1beta1/projects/rmcontents1/sites/rmcontents1 [none]
[debug] [2025-11-26T02:12:37.516Z] <<< [apiv2][status] GET https://firebasehosting.googleapis.com/v1beta1/projects/rmcontents1/sites/rmcontents1 200
[debug] [2025-11-26T02:12:37.516Z] <<< [apiv2][body] GET https://firebasehosting.googleapis.com/v1beta1/projects/rmcontents1/sites/rmcontents1 {"name":"projects/rmcontents1/sites/rmcontents1","defaultUrl":"https://rmcontents1.web.app","appId":"1:875684305621:web:40f81cf2c6fb272631205c","type":"DEFAULT_SITE"}
[info]    ▲ Next.js 16.0.1 (Turbopack)

[info]    - Environments: .env.local


[info]    Creating an optimized production build ...

